{"D:\\Full_stack_open\\Excercise\\part_5\\bloglist_frontend\\src\\App.jsx": {"path":"D:\\Full_stack_open\\Excercise\\part_5\\bloglist_frontend\\src\\App.jsx","statementMap":{"0":{"start":{"line":9,"column":12},"end":{"line":136,"column":1}},"1":{"start":{"line":10,"column":2},"end":{"line":10,"column":43}},"2":{"start":{"line":11,"column":28},"end":{"line":11,"column":40}},"3":{"start":{"line":12,"column":34},"end":{"line":12,"column":46}},"4":{"start":{"line":13,"column":34},"end":{"line":13,"column":46}},"5":{"start":{"line":14,"column":26},"end":{"line":14,"column":40}},"6":{"start":{"line":15,"column":28},"end":{"line":15,"column":40}},"7":{"start":{"line":16,"column":30},"end":{"line":16,"column":42}},"8":{"start":{"line":17,"column":24},"end":{"line":17,"column":36}},"9":{"start":{"line":18,"column":32},"end":{"line":18,"column":44}},"10":{"start":{"line":19,"column":22},"end":{"line":19,"column":30}},"11":{"start":{"line":20,"column":2},"end":{"line":34,"column":8}},"12":{"start":{"line":21,"column":4},"end":{"line":32,"column":5}},"13":{"start":{"line":22,"column":26},"end":{"line":29,"column":7}},"14":{"start":{"line":23,"column":8},"end":{"line":24,"column":18}},"15":{"start":{"line":24,"column":10},"end":{"line":24,"column":18}},"16":{"start":{"line":25,"column":8},"end":{"line":26,"column":19}},"17":{"start":{"line":26,"column":10},"end":{"line":26,"column":19}},"18":{"start":{"line":27,"column":8},"end":{"line":27,"column":16}},"19":{"start":{"line":30,"column":6},"end":{"line":30,"column":27}},"20":{"start":{"line":35,"column":2},"end":{"line":44,"column":3}},"21":{"start":{"line":36,"column":24},"end":{"line":36,"column":72}},"22":{"start":{"line":37,"column":4},"end":{"line":42,"column":5}},"23":{"start":{"line":38,"column":6},"end":{"line":38,"column":52}},"24":{"start":{"line":39,"column":24},"end":{"line":39,"column":47}},"25":{"start":{"line":40,"column":6},"end":{"line":40,"column":24}},"26":{"start":{"line":41,"column":6},"end":{"line":41,"column":43}},"27":{"start":{"line":48,"column":33},"end":{"line":50,"column":3}},"28":{"start":{"line":49,"column":4},"end":{"line":49,"column":35}},"29":{"start":{"line":51,"column":33},"end":{"line":53,"column":3}},"30":{"start":{"line":52,"column":4},"end":{"line":52,"column":29}},"31":{"start":{"line":54,"column":28},"end":{"line":56,"column":3}},"32":{"start":{"line":55,"column":4},"end":{"line":55,"column":26}},"33":{"start":{"line":57,"column":29},"end":{"line":59,"column":3}},"34":{"start":{"line":58,"column":4},"end":{"line":58,"column":27}},"35":{"start":{"line":60,"column":26},"end":{"line":62,"column":3}},"36":{"start":{"line":61,"column":4},"end":{"line":61,"column":24}},"37":{"start":{"line":63,"column":27},"end":{"line":81,"column":3}},"38":{"start":{"line":64,"column":4},"end":{"line":64,"column":26}},"39":{"start":{"line":65,"column":26},"end":{"line":69,"column":5}},"40":{"start":{"line":70,"column":23},"end":{"line":70,"column":62}},"41":{"start":{"line":71,"column":4},"end":{"line":71,"column":47}},"42":{"start":{"line":72,"column":4},"end":{"line":72,"column":38}},"43":{"start":{"line":73,"column":4},"end":{"line":73,"column":16}},"44":{"start":{"line":74,"column":4},"end":{"line":74,"column":17}},"45":{"start":{"line":75,"column":4},"end":{"line":75,"column":14}},"46":{"start":{"line":76,"column":4},"end":{"line":76,"column":72}},"47":{"start":{"line":77,"column":4},"end":{"line":79,"column":13}},"48":{"start":{"line":78,"column":6},"end":{"line":78,"column":22}},"49":{"start":{"line":80,"column":4},"end":{"line":80,"column":42}},"50":{"start":{"line":82,"column":28},"end":{"line":100,"column":3}},"51":{"start":{"line":83,"column":4},"end":{"line":83,"column":26}},"52":{"start":{"line":84,"column":4},"end":{"line":99,"column":5}},"53":{"start":{"line":85,"column":24},"end":{"line":85,"column":72}},"54":{"start":{"line":86,"column":6},"end":{"line":86,"column":24}},"55":{"start":{"line":87,"column":6},"end":{"line":87,"column":21}},"56":{"start":{"line":88,"column":6},"end":{"line":88,"column":21}},"57":{"start":{"line":89,"column":6},"end":{"line":89,"column":43}},"58":{"start":{"line":90,"column":6},"end":{"line":90,"column":81}},"59":{"start":{"line":91,"column":6},"end":{"line":91,"column":47}},"60":{"start":{"line":94,"column":6},"end":{"line":94,"column":68}},"61":{"start":{"line":95,"column":6},"end":{"line":95,"column":43}},"62":{"start":{"line":96,"column":6},"end":{"line":98,"column":15}},"63":{"start":{"line":97,"column":8},"end":{"line":97,"column":24}},"64":{"start":{"line":102,"column":20},"end":{"line":108,"column":3}},"65":{"start":{"line":103,"column":4},"end":{"line":107,"column":5}},"66":{"start":{"line":109,"column":19},"end":{"line":116,"column":3}},"67":{"start":{"line":110,"column":4},"end":{"line":115,"column":5}},"68":{"start":{"line":119,"column":2},"end":{"line":135,"column":3}},"69":{"start":{"line":126,"column":73},"end":{"line":126,"column":125}},"70":{"start":{"line":126,"column":126},"end":{"line":126,"column":144}},"71":{"start":{"line":129,"column":10},"end":{"line":129,"column":116}}},"fnMap":{"0":{"name":"(anonymous_0)","decl":{"start":{"line":9,"column":12},"end":{"line":9,"column":13}},"loc":{"start":{"line":9,"column":18},"end":{"line":136,"column":1}},"line":9},"1":{"name":"(anonymous_1)","decl":{"start":{"line":20,"column":12},"end":{"line":20,"column":13}},"loc":{"start":{"line":20,"column":18},"end":{"line":34,"column":3}},"line":20},"2":{"name":"(anonymous_2)","decl":{"start":{"line":21,"column":30},"end":{"line":21,"column":31}},"loc":{"start":{"line":21,"column":39},"end":{"line":31,"column":5}},"line":21},"3":{"name":"(anonymous_3)","decl":{"start":{"line":22,"column":37},"end":{"line":22,"column":38}},"loc":{"start":{"line":22,"column":47},"end":{"line":28,"column":7}},"line":22},"4":{"name":"(anonymous_4)","decl":{"start":{"line":35,"column":12},"end":{"line":35,"column":13}},"loc":{"start":{"line":35,"column":18},"end":{"line":43,"column":3}},"line":35},"5":{"name":"(anonymous_5)","decl":{"start":{"line":48,"column":33},"end":{"line":48,"column":34}},"loc":{"start":{"line":48,"column":44},"end":{"line":50,"column":3}},"line":48},"6":{"name":"(anonymous_6)","decl":{"start":{"line":51,"column":33},"end":{"line":51,"column":34}},"loc":{"start":{"line":51,"column":49},"end":{"line":53,"column":3}},"line":51},"7":{"name":"(anonymous_7)","decl":{"start":{"line":54,"column":28},"end":{"line":54,"column":29}},"loc":{"start":{"line":54,"column":44},"end":{"line":56,"column":3}},"line":54},"8":{"name":"(anonymous_8)","decl":{"start":{"line":57,"column":29},"end":{"line":57,"column":30}},"loc":{"start":{"line":57,"column":45},"end":{"line":59,"column":3}},"line":57},"9":{"name":"(anonymous_9)","decl":{"start":{"line":60,"column":26},"end":{"line":60,"column":27}},"loc":{"start":{"line":60,"column":42},"end":{"line":62,"column":3}},"line":60},"10":{"name":"(anonymous_10)","decl":{"start":{"line":63,"column":27},"end":{"line":63,"column":28}},"loc":{"start":{"line":63,"column":44},"end":{"line":81,"column":3}},"line":63},"11":{"name":"(anonymous_11)","decl":{"start":{"line":77,"column":15},"end":{"line":77,"column":16}},"loc":{"start":{"line":77,"column":21},"end":{"line":79,"column":5}},"line":77},"12":{"name":"(anonymous_12)","decl":{"start":{"line":82,"column":28},"end":{"line":82,"column":29}},"loc":{"start":{"line":82,"column":45},"end":{"line":100,"column":3}},"line":82},"13":{"name":"(anonymous_13)","decl":{"start":{"line":96,"column":17},"end":{"line":96,"column":18}},"loc":{"start":{"line":96,"column":23},"end":{"line":98,"column":7}},"line":96},"14":{"name":"(anonymous_14)","decl":{"start":{"line":102,"column":20},"end":{"line":102,"column":21}},"loc":{"start":{"line":102,"column":26},"end":{"line":108,"column":3}},"line":102},"15":{"name":"(anonymous_15)","decl":{"start":{"line":109,"column":19},"end":{"line":109,"column":20}},"loc":{"start":{"line":109,"column":25},"end":{"line":116,"column":3}},"line":109},"16":{"name":"(anonymous_16)","decl":{"start":{"line":126,"column":65},"end":{"line":126,"column":66}},"loc":{"start":{"line":126,"column":71},"end":{"line":126,"column":146}},"line":126},"17":{"name":"(anonymous_17)","decl":{"start":{"line":128,"column":19},"end":{"line":128,"column":20}},"loc":{"start":{"line":129,"column":10},"end":{"line":129,"column":116}},"line":129}},"branchMap":{"0":{"loc":{"start":{"line":23,"column":8},"end":{"line":24,"column":18}},"type":"if","locations":[{"start":{"line":23,"column":8},"end":{"line":24,"column":18}},{"start":{},"end":{}}],"line":23},"1":{"loc":{"start":{"line":25,"column":8},"end":{"line":26,"column":19}},"type":"if","locations":[{"start":{"line":25,"column":8},"end":{"line":26,"column":19}},{"start":{},"end":{}}],"line":25},"2":{"loc":{"start":{"line":37,"column":4},"end":{"line":42,"column":5}},"type":"if","locations":[{"start":{"line":37,"column":4},"end":{"line":42,"column":5}},{"start":{},"end":{}}],"line":37},"3":{"loc":{"start":{"line":121,"column":7},"end":{"line":121,"column":34}},"type":"binary-expr","locations":[{"start":{"line":121,"column":7},"end":{"line":121,"column":19}},{"start":{"line":121,"column":23},"end":{"line":121,"column":34}}],"line":121},"4":{"loc":{"start":{"line":122,"column":7},"end":{"line":131,"column":12}},"type":"binary-expr","locations":[{"start":{"line":122,"column":7},"end":{"line":122,"column":19}},{"start":{"line":122,"column":23},"end":{"line":131,"column":12}}],"line":122}},"s":{"0":0,"1":0,"2":0,"3":0,"4":0,"5":0,"6":0,"7":0,"8":0,"9":0,"10":0,"11":0,"12":0,"13":0,"14":0,"15":0,"16":0,"17":0,"18":0,"19":0,"20":0,"21":0,"22":0,"23":0,"24":0,"25":0,"26":0,"27":0,"28":0,"29":0,"30":0,"31":0,"32":0,"33":0,"34":0,"35":0,"36":0,"37":0,"38":0,"39":0,"40":0,"41":0,"42":0,"43":0,"44":0,"45":0,"46":0,"47":0,"48":0,"49":0,"50":0,"51":0,"52":0,"53":0,"54":0,"55":0,"56":0,"57":0,"58":0,"59":0,"60":0,"61":0,"62":0,"63":0,"64":0,"65":0,"66":0,"67":0,"68":0,"69":0,"70":0,"71":0},"f":{"0":0,"1":0,"2":0,"3":0,"4":0,"5":0,"6":0,"7":0,"8":0,"9":0,"10":0,"11":0,"12":0,"13":0,"14":0,"15":0,"16":0,"17":0},"b":{"0":[0,0],"1":[0,0],"2":[0,0],"3":[0,0],"4":[0,0]}}
,"D:\\Full_stack_open\\Excercise\\part_5\\bloglist_frontend\\src\\main.jsx": {"path":"D:\\Full_stack_open\\Excercise\\part_5\\bloglist_frontend\\src\\main.jsx","statementMap":{"0":{"start":{"line":4,"column":0},"end":{"line":4,"column":68}}},"fnMap":{},"branchMap":{},"s":{"0":0},"f":{},"b":{}}
,"D:\\Full_stack_open\\Excercise\\part_5\\bloglist_frontend\\src\\components\\Blog.jsx": {"path":"D:\\Full_stack_open\\Excercise\\part_5\\bloglist_frontend\\src\\components\\Blog.jsx","statementMap":{"0":{"start":{"line":4,"column":13},"end":{"line":57,"column":1}},"1":{"start":{"line":5,"column":2},"end":{"line":5,"column":55}},"2":{"start":{"line":7,"column":30},"end":{"line":7,"column":46}},"3":{"start":{"line":8,"column":26},"end":{"line":8,"column":46}},"4":{"start":{"line":9,"column":29},"end":{"line":9,"column":91}},"5":{"start":{"line":10,"column":26},"end":{"line":12,"column":3}},"6":{"start":{"line":11,"column":4},"end":{"line":11,"column":49}},"7":{"start":{"line":14,"column":27},"end":{"line":19,"column":3}},"8":{"start":{"line":15,"column":4},"end":{"line":15,"column":19}},"9":{"start":{"line":16,"column":4},"end":{"line":16,"column":20}},"10":{"start":{"line":17,"column":25},"end":{"line":17,"column":68}},"11":{"start":{"line":18,"column":4},"end":{"line":18,"column":31}},"12":{"start":{"line":20,"column":27},"end":{"line":36,"column":3}},"13":{"start":{"line":21,"column":4},"end":{"line":35,"column":5}},"14":{"start":{"line":22,"column":26},"end":{"line":22,"column":64}},"15":{"start":{"line":23,"column":6},"end":{"line":34,"column":7}},"16":{"start":{"line":24,"column":28},"end":{"line":31,"column":9}},"17":{"start":{"line":25,"column":10},"end":{"line":26,"column":20}},"18":{"start":{"line":26,"column":12},"end":{"line":26,"column":20}},"19":{"start":{"line":27,"column":10},"end":{"line":28,"column":21}},"20":{"start":{"line":28,"column":12},"end":{"line":28,"column":21}},"21":{"start":{"line":29,"column":10},"end":{"line":29,"column":18}},"22":{"start":{"line":32,"column":8},"end":{"line":32,"column":29}},"23":{"start":{"line":37,"column":24},"end":{"line":37,"column":67}},"24":{"start":{"line":38,"column":20},"end":{"line":44,"column":3}},"25":{"start":{"line":45,"column":2},"end":{"line":56,"column":3}}},"fnMap":{"0":{"name":"(anonymous_0)","decl":{"start":{"line":4,"column":13},"end":{"line":4,"column":14}},"loc":{"start":{"line":4,"column":63},"end":{"line":57,"column":1}},"line":4},"1":{"name":"(anonymous_1)","decl":{"start":{"line":10,"column":26},"end":{"line":10,"column":27}},"loc":{"start":{"line":10,"column":32},"end":{"line":12,"column":3}},"line":10},"2":{"name":"(anonymous_2)","decl":{"start":{"line":14,"column":27},"end":{"line":14,"column":28}},"loc":{"start":{"line":14,"column":39},"end":{"line":19,"column":3}},"line":14},"3":{"name":"(anonymous_3)","decl":{"start":{"line":20,"column":27},"end":{"line":20,"column":28}},"loc":{"start":{"line":20,"column":39},"end":{"line":36,"column":3}},"line":20},"4":{"name":"(anonymous_4)","decl":{"start":{"line":23,"column":32},"end":{"line":23,"column":33}},"loc":{"start":{"line":23,"column":41},"end":{"line":33,"column":7}},"line":23},"5":{"name":"(anonymous_5)","decl":{"start":{"line":24,"column":39},"end":{"line":24,"column":40}},"loc":{"start":{"line":24,"column":49},"end":{"line":30,"column":9}},"line":24}},"branchMap":{"0":{"loc":{"start":{"line":9,"column":40},"end":{"line":9,"column":89}},"type":"cond-expr","locations":[{"start":{"line":9,"column":78},"end":{"line":9,"column":80}},{"start":{"line":9,"column":83},"end":{"line":9,"column":89}}],"line":9},"1":{"loc":{"start":{"line":11,"column":14},"end":{"line":11,"column":48}},"type":"cond-expr","locations":[{"start":{"line":11,"column":33},"end":{"line":11,"column":39}},{"start":{"line":11,"column":42},"end":{"line":11,"column":48}}],"line":11},"2":{"loc":{"start":{"line":21,"column":4},"end":{"line":35,"column":5}},"type":"if","locations":[{"start":{"line":21,"column":4},"end":{"line":35,"column":5}},{"start":{},"end":{}}],"line":21},"3":{"loc":{"start":{"line":25,"column":10},"end":{"line":26,"column":20}},"type":"if","locations":[{"start":{"line":25,"column":10},"end":{"line":26,"column":20}},{"start":{},"end":{}}],"line":25},"4":{"loc":{"start":{"line":27,"column":10},"end":{"line":28,"column":21}},"type":"if","locations":[{"start":{"line":27,"column":10},"end":{"line":28,"column":21}},{"start":{},"end":{}}],"line":27},"5":{"loc":{"start":{"line":37,"column":35},"end":{"line":37,"column":65}},"type":"cond-expr","locations":[{"start":{"line":37,"column":54},"end":{"line":37,"column":60}},{"start":{"line":37,"column":63},"end":{"line":37,"column":65}}],"line":37}},"s":{"0":1,"1":4,"2":4,"3":4,"4":4,"5":4,"6":1,"7":4,"8":2,"9":2,"10":2,"11":0,"12":4,"13":0,"14":0,"15":0,"16":0,"17":0,"18":0,"19":0,"20":0,"21":0,"22":0,"23":4,"24":4,"25":4},"f":{"0":4,"1":1,"2":2,"3":0,"4":0,"5":0},"b":{"0":[4,0],"1":[1,0],"2":[0,0],"3":[0,0],"4":[0,0],"5":[3,1]},"_coverageSchema":"1a1c01bbd47fc00a2c39e90264f33305004495a9","hash":"661c29680c370d60e4771981fac39de2be031d8d"}
,"D:\\Full_stack_open\\Excercise\\part_5\\bloglist_frontend\\src\\components\\BlogForm.jsx": {"path":"D:\\Full_stack_open\\Excercise\\part_5\\bloglist_frontend\\src\\components\\BlogForm.jsx","statementMap":{"0":{"start":{"line":1,"column":17},"end":{"line":19,"column":1}},"1":{"start":{"line":2,"column":4},"end":{"line":18,"column":5}}},"fnMap":{"0":{"name":"(anonymous_0)","decl":{"start":{"line":1,"column":17},"end":{"line":1,"column":18}},"loc":{"start":{"line":1,"column":119},"end":{"line":19,"column":1}},"line":1}},"branchMap":{},"s":{"0":1,"1":1},"f":{"0":1},"b":{},"_coverageSchema":"1a1c01bbd47fc00a2c39e90264f33305004495a9","hash":"dcf6a583fe870d6787daae976e77d24755e5007b"}
,"D:\\Full_stack_open\\Excercise\\part_5\\bloglist_frontend\\src\\components\\LoginForm.jsx": {"path":"D:\\Full_stack_open\\Excercise\\part_5\\bloglist_frontend\\src\\components\\LoginForm.jsx","statementMap":{"0":{"start":{"line":3,"column":18},"end":{"line":23,"column":1}},"1":{"start":{"line":4,"column":4},"end":{"line":4,"column":51}},"2":{"start":{"line":5,"column":4},"end":{"line":22,"column":12}},"3":{"start":{"line":24,"column":0},"end":{"line":30,"column":1}}},"fnMap":{"0":{"name":"(anonymous_0)","decl":{"start":{"line":3,"column":18},"end":{"line":3,"column":19}},"loc":{"start":{"line":3,"column":122},"end":{"line":23,"column":1}},"line":3}},"branchMap":{},"s":{"0":0,"1":0,"2":0,"3":0},"f":{"0":0},"b":{}}
,"D:\\Full_stack_open\\Excercise\\part_5\\bloglist_frontend\\src\\components\\Notification.jsx": {"path":"D:\\Full_stack_open\\Excercise\\part_5\\bloglist_frontend\\src\\components\\Notification.jsx","statementMap":{"0":{"start":{"line":1,"column":21},"end":{"line":11,"column":1}},"1":{"start":{"line":2,"column":4},"end":{"line":2,"column":38}},"2":{"start":{"line":3,"column":4},"end":{"line":5,"column":5}},"3":{"start":{"line":4,"column":8},"end":{"line":4,"column":19}},"4":{"start":{"line":6,"column":4},"end":{"line":10,"column":5}}},"fnMap":{"0":{"name":"(anonymous_0)","decl":{"start":{"line":1,"column":21},"end":{"line":1,"column":22}},"loc":{"start":{"line":1,"column":46},"end":{"line":11,"column":1}},"line":1}},"branchMap":{"0":{"loc":{"start":{"line":3,"column":4},"end":{"line":5,"column":5}},"type":"if","locations":[{"start":{"line":3,"column":4},"end":{"line":5,"column":5}},{"start":{},"end":{}}],"line":3},"1":{"loc":{"start":{"line":3,"column":8},"end":{"line":3,"column":40}},"type":"binary-expr","locations":[{"start":{"line":3,"column":8},"end":{"line":3,"column":21}},{"start":{"line":3,"column":25},"end":{"line":3,"column":40}}],"line":3},"2":{"loc":{"start":{"line":7,"column":24},"end":{"line":7,"column":66}},"type":"cond-expr","locations":[{"start":{"line":7,"column":47},"end":{"line":7,"column":56}},{"start":{"line":7,"column":59},"end":{"line":7,"column":66}}],"line":7}},"s":{"0":1,"1":0,"2":0,"3":0,"4":0},"f":{"0":0},"b":{"0":[0,0],"1":[0,0],"2":[0,0]},"_coverageSchema":"1a1c01bbd47fc00a2c39e90264f33305004495a9","hash":"f200fc62e0790262db6ff65adaa1e8396cf23869"}
,"D:\\Full_stack_open\\Excercise\\part_5\\bloglist_frontend\\src\\components\\Toggable.jsx": {"path":"D:\\Full_stack_open\\Excercise\\part_5\\bloglist_frontend\\src\\components\\Toggable.jsx","statementMap":{"0":{"start":{"line":4,"column":17},"end":{"line":27,"column":1}},"1":{"start":{"line":5,"column":34},"end":{"line":5,"column":49}},"2":{"start":{"line":6,"column":28},"end":{"line":6,"column":62}},"3":{"start":{"line":7,"column":28},"end":{"line":7,"column":62}},"4":{"start":{"line":8,"column":29},"end":{"line":10,"column":5}},"5":{"start":{"line":9,"column":8},"end":{"line":9,"column":28}},"6":{"start":{"line":11,"column":4},"end":{"line":14,"column":5}},"7":{"start":{"line":12,"column":8},"end":{"line":12,"column":35}},"8":{"start":{"line":15,"column":4},"end":{"line":25,"column":5}},"9":{"start":{"line":28,"column":0},"end":{"line":28,"column":33}}},"fnMap":{"0":{"name":"(anonymous_0)","decl":{"start":{"line":4,"column":28},"end":{"line":4,"column":29}},"loc":{"start":{"line":4,"column":45},"end":{"line":26,"column":1}},"line":4},"1":{"name":"(anonymous_1)","decl":{"start":{"line":8,"column":29},"end":{"line":8,"column":30}},"loc":{"start":{"line":8,"column":35},"end":{"line":10,"column":5}},"line":8},"2":{"name":"(anonymous_2)","decl":{"start":{"line":11,"column":30},"end":{"line":11,"column":31}},"loc":{"start":{"line":11,"column":36},"end":{"line":13,"column":5}},"line":11}},"branchMap":{"0":{"loc":{"start":{"line":6,"column":39},"end":{"line":6,"column":60}},"type":"cond-expr","locations":[{"start":{"line":6,"column":49},"end":{"line":6,"column":55}},{"start":{"line":6,"column":58},"end":{"line":6,"column":60}}],"line":6},"1":{"loc":{"start":{"line":7,"column":39},"end":{"line":7,"column":60}},"type":"cond-expr","locations":[{"start":{"line":7,"column":49},"end":{"line":7,"column":51}},{"start":{"line":7,"column":54},"end":{"line":7,"column":60}}],"line":7}},"s":{"0":0,"1":0,"2":0,"3":0,"4":0,"5":0,"6":0,"7":0,"8":0,"9":0},"f":{"0":0,"1":0,"2":0},"b":{"0":[0,0],"1":[0,0]}}
,"D:\\Full_stack_open\\Excercise\\part_5\\bloglist_frontend\\src\\services\\blogs.js": {"path":"D:\\Full_stack_open\\Excercise\\part_5\\bloglist_frontend\\src\\services\\blogs.js","statementMap":{"0":{"start":{"line":2,"column":16},"end":{"line":2,"column":28}},"1":{"start":{"line":4,"column":12},"end":{"line":4,"column":16}},"2":{"start":{"line":5,"column":17},"end":{"line":7,"column":1}},"3":{"start":{"line":6,"column":2},"end":{"line":6,"column":30}},"4":{"start":{"line":8,"column":15},"end":{"line":11,"column":1}},"5":{"start":{"line":9,"column":18},"end":{"line":9,"column":36}},"6":{"start":{"line":10,"column":2},"end":{"line":10,"column":48}},"7":{"start":{"line":10,"column":34},"end":{"line":10,"column":47}},"8":{"start":{"line":12,"column":15},"end":{"line":18,"column":1}},"9":{"start":{"line":13,"column":17},"end":{"line":15,"column":3}},"10":{"start":{"line":16,"column":14},"end":{"line":16,"column":52}},"11":{"start":{"line":17,"column":2},"end":{"line":17,"column":44}},"12":{"start":{"line":17,"column":30},"end":{"line":17,"column":43}},"13":{"start":{"line":19,"column":19},"end":{"line":22,"column":1}},"14":{"start":{"line":20,"column":18},"end":{"line":20,"column":58}},"15":{"start":{"line":21,"column":2},"end":{"line":21,"column":48}},"16":{"start":{"line":21,"column":34},"end":{"line":21,"column":47}},"17":{"start":{"line":23,"column":20},"end":{"line":29,"column":1}},"18":{"start":{"line":24,"column":17},"end":{"line":26,"column":3}},"19":{"start":{"line":27,"column":18},"end":{"line":27,"column":58}},"20":{"start":{"line":28,"column":2},"end":{"line":28,"column":48}},"21":{"start":{"line":28,"column":34},"end":{"line":28,"column":47}}},"fnMap":{"0":{"name":"(anonymous_0)","decl":{"start":{"line":5,"column":17},"end":{"line":5,"column":18}},"loc":{"start":{"line":5,"column":31},"end":{"line":7,"column":1}},"line":5},"1":{"name":"(anonymous_1)","decl":{"start":{"line":8,"column":15},"end":{"line":8,"column":16}},"loc":{"start":{"line":8,"column":21},"end":{"line":11,"column":1}},"line":8},"2":{"name":"(anonymous_2)","decl":{"start":{"line":10,"column":22},"end":{"line":10,"column":23}},"loc":{"start":{"line":10,"column":34},"end":{"line":10,"column":47}},"line":10},"3":{"name":"(anonymous_3)","decl":{"start":{"line":12,"column":15},"end":{"line":12,"column":16}},"loc":{"start":{"line":12,"column":30},"end":{"line":18,"column":1}},"line":12},"4":{"name":"(anonymous_4)","decl":{"start":{"line":17,"column":18},"end":{"line":17,"column":19}},"loc":{"start":{"line":17,"column":30},"end":{"line":17,"column":43}},"line":17},"5":{"name":"(anonymous_5)","decl":{"start":{"line":19,"column":19},"end":{"line":19,"column":20}},"loc":{"start":{"line":19,"column":38},"end":{"line":22,"column":1}},"line":19},"6":{"name":"(anonymous_6)","decl":{"start":{"line":21,"column":22},"end":{"line":21,"column":23}},"loc":{"start":{"line":21,"column":34},"end":{"line":21,"column":47}},"line":21},"7":{"name":"(anonymous_7)","decl":{"start":{"line":23,"column":20},"end":{"line":23,"column":21}},"loc":{"start":{"line":23,"column":28},"end":{"line":29,"column":1}},"line":23},"8":{"name":"(anonymous_8)","decl":{"start":{"line":28,"column":22},"end":{"line":28,"column":23}},"loc":{"start":{"line":28,"column":34},"end":{"line":28,"column":47}},"line":28}},"branchMap":{},"s":{"0":1,"1":1,"2":1,"3":0,"4":1,"5":0,"6":0,"7":0,"8":1,"9":0,"10":0,"11":0,"12":0,"13":1,"14":0,"15":0,"16":0,"17":1,"18":0,"19":0,"20":0,"21":0},"f":{"0":0,"1":0,"2":0,"3":0,"4":0,"5":0,"6":0,"7":0,"8":0},"b":{},"_coverageSchema":"1a1c01bbd47fc00a2c39e90264f33305004495a9","hash":"cb15adcabc04aa5b18405e66e42d98503e99f8dd"}
,"D:\\Full_stack_open\\Excercise\\part_5\\bloglist_frontend\\src\\services\\login.js": {"path":"D:\\Full_stack_open\\Excercise\\part_5\\bloglist_frontend\\src\\services\\login.js","statementMap":{"0":{"start":{"line":2,"column":16},"end":{"line":2,"column":28}},"1":{"start":{"line":3,"column":14},"end":{"line":6,"column":1}},"2":{"start":{"line":4,"column":21},"end":{"line":4,"column":59}},"3":{"start":{"line":5,"column":4},"end":{"line":5,"column":24}}},"fnMap":{"0":{"name":"(anonymous_0)","decl":{"start":{"line":3,"column":14},"end":{"line":3,"column":15}},"loc":{"start":{"line":3,"column":37},"end":{"line":6,"column":1}},"line":3}},"branchMap":{},"s":{"0":0,"1":0,"2":0,"3":0},"f":{"0":0},"b":{}}
}
